<?xml version="1.0" encoding="UTF-8"?>
<!-- Generated by org.testng.reporters.JUnitReportReporter -->
<testsuite hostname="IN-2953GK3" failures="0" tests="1" name="jenkins.login" time="13.589" errors="0" timestamp="11 Jan 2024 07:28:20 GMT" skipped="0">
  <testcase classname="jenkins.login" name="enter" time="13.589"/>
</testsuite> <!-- jenkins.login -->
